<?xml version="1.0" encoding="UTF-8"?>
<testsuites tests="282" failures="2" errors="0" time="120.576209">
	<testsuite tests="0" failures="0" time="0.013000" name="pkg.world.dev/world-cli/cmd/world" timestamp="2025-05-21T16:12:14-04:00">
		<properties>
			<property name="go.version" value="go1.24.1 linux/amd64"></property>
		</properties>
	</testsuite>
	<testsuite tests="0" failures="0" time="0.013000" name="pkg.world.dev/world-cli/cmd/world/cardinal" timestamp="2025-05-21T16:12:14-04:00">
		<properties>
			<property name="go.version" value="go1.24.1 linux/amd64"></property>
		</properties>
	</testsuite>
	<testsuite tests="0" failures="0" time="0.012000" name="pkg.world.dev/world-cli/cmd/world/evm" timestamp="2025-05-21T16:12:14-04:00">
		<properties>
			<property name="go.version" value="go1.24.1 linux/amd64"></property>
		</properties>
	</testsuite>
	<testsuite tests="222" failures="0" time="35.136000" name="pkg.world.dev/world-cli/cmd/world/forge" timestamp="2025-05-21T16:12:14-04:00">
		<properties>
			<property name="go.version" value="go1.24.1 linux/amd64"></property>
		</properties>
		<testcase classname="pkg.world.dev/world-cli/cmd/world/forge" name="TestForgeSuite/TestAddKnownProject" time="0.010000"></testcase>
		<testcase classname="pkg.world.dev/world-cli/cmd/world/forge" name="TestForgeSuite/TestChangeUserRoleInOrganizationCmd/Success_-_Change_user_role" time="0.010000"></testcase>
		<testcase classname="pkg.world.dev/world-cli/cmd/world/forge" name="TestForgeSuite/TestChangeUserRoleInOrganizationCmd/Error_-_SetupForgeCommandState_fails" time="0.000000"></testcase>
		<testcase classname="pkg.world.dev/world-cli/cmd/world/forge" name="TestForgeSuite/TestChangeUserRoleInOrganizationCmd" time="0.020000"></testcase>
		<testcase classname="pkg.world.dev/world-cli/cmd/world/forge" name="TestForgeSuite/TestCreateOrganization/Success_-_Valid_organization_default_slug" time="0.000000"></testcase>
		<testcase classname="pkg.world.dev/world-cli/cmd/world/forge" name="TestForgeSuite/TestCreateOrganization/Success_-_Valid_organization_custom_slug" time="0.000000"></testcase>
		<testcase classname="pkg.world.dev/world-cli/cmd/world/forge" name="TestForgeSuite/TestCreateOrganization/Bad_Input_-_Non-alphanumeric_dots_dash_underscore_slug" time="0.000000"></testcase>
		<testcase classname="pkg.world.dev/world-cli/cmd/world/forge" name="TestForgeSuite/TestCreateOrganization/Error_-_Empty_name" time="0.000000"></testcase>
		<testcase classname="pkg.world.dev/world-cli/cmd/world/forge" name="TestForgeSuite/TestCreateOrganization/Success_-_Redo_creation" time="0.000000"></testcase>
		<testcase classname="pkg.world.dev/world-cli/cmd/world/forge" name="TestForgeSuite/TestCreateOrganization" time="0.020000"></testcase>
		<testcase classname="pkg.world.dev/world-cli/cmd/world/forge" name="TestForgeSuite/TestCreateOrganizationCmd/Success_-_Create_organization_with_all_fields" time="0.010000"></testcase>
		<testcase classname="pkg.world.dev/world-cli/cmd/world/forge" name="TestForgeSuite/TestCreateOrganizationCmd" time="0.010000"></testcase>
		<testcase classname="pkg.world.dev/world-cli/cmd/world/forge" name="TestForgeSuite/TestCreateProject/Success_-_Public_repo_default_slug" time="1.100000"></testcase>
		<testcase classname="pkg.world.dev/world-cli/cmd/world/forge" name="TestForgeSuite/TestCreateProject/Success_-_public_repo_custom_slug" time="1.100000"></testcase>
		<testcase classname="pkg.world.dev/world-cli/cmd/world/forge" name="TestForgeSuite/TestCreateProject/Abort_-_user_presses_q_in_region_selector" time="1.000000"></testcase>
		<testcase classname="pkg.world.dev/world-cli/cmd/world/forge" name="TestForgeSuite/TestCreateProject/Error_-_private_repo_bad_token" time="0.120000"></testcase>
		<testcase classname="pkg.world.dev/world-cli/cmd/world/forge" name="TestForgeSuite/TestCreateProject/Error_-_No_organization_selected" time="0.010000"></testcase>
		<testcase classname="pkg.world.dev/world-cli/cmd/world/forge" name="TestForgeSuite/TestCreateProject/Error_-_Invalid_organization_ID" time="0.000000"></testcase>
		<testcase classname="pkg.world.dev/world-cli/cmd/world/forge" name="TestForgeSuite/TestCreateProject/Error_-_Invalid_project_slug" time="0.010000"></testcase>
		<testcase classname="pkg.world.dev/world-cli/cmd/world/forge" name="TestForgeSuite/TestCreateProject/Error_-_Invalid_repo_URL" time="0.010000"></testcase>
		<testcase classname="pkg.world.dev/world-cli/cmd/world/forge" name="TestForgeSuite/TestCreateProject/Success_-_Project_name_from_world.toml" time="1.110000"></testcase>
		<testcase classname="pkg.world.dev/world-cli/cmd/world/forge" name="TestForgeSuite/TestCreateProject" time="4.450000"></testcase>
		<testcase classname="pkg.world.dev/world-cli/cmd/world/forge" name="TestForgeSuite/TestCreateProjectCmd/Success_-_Create_project_with_all_fields" time="1.100000"></testcase>
		<testcase classname="pkg.world.dev/world-cli/cmd/world/forge" name="TestForgeSuite/TestCreateProjectCmd/Abort_-_user_presses_q_in_region_selector" time="1.000000"></testcase>
		<testcase classname="pkg.world.dev/world-cli/cmd/world/forge" name="TestForgeSuite/TestCreateProjectCmd/Error_-_Need_login_but_expired_token" time="0.000000"></testcase>
		<testcase classname="pkg.world.dev/world-cli/cmd/world/forge" name="TestForgeSuite/TestCreateProjectCmd" time="2.110000"></testcase>
		<testcase classname="pkg.world.dev/world-cli/cmd/world/forge" name="TestForgeSuite/TestDeleteProjectCmd/Success_-_Delete_project" time="0.030000"></testcase>
		<testcase classname="pkg.world.dev/world-cli/cmd/world/forge" name="TestForgeSuite/TestDeleteProjectCmd/Error_-_SetupForgeCommandState_fails" time="0.000000"></testcase>
		<testcase classname="pkg.world.dev/world-cli/cmd/world/forge" name="TestForgeSuite/TestDeleteProjectCmd" time="0.030000"></testcase>
		<testcase classname="pkg.world.dev/world-cli/cmd/world/forge" name="TestForgeSuite/TestDeploy/Success_-_Valid_deployment" time="3.000000"></testcase>
		<testcase classname="pkg.world.dev/world-cli/cmd/world/forge" name="TestForgeSuite/TestDeploy/Error_-_Invalid_organization_ID" time="0.000000"></testcase>
		<testcase classname="pkg.world.dev/world-cli/cmd/world/forge" name="TestForgeSuite/TestDeploy/Error_-_Invalid_project_ID" time="0.000000"></testcase>
		<testcase classname="pkg.world.dev/world-cli/cmd/world/forge" name="TestForgeSuite/TestDeploy/Error_-_No_organization_selected" time="0.000000"></testcase>
		<testcase classname="pkg.world.dev/world-cli/cmd/world/forge" name="TestForgeSuite/TestDeploy/Success_-_No_project_selected_(creates_new_project)" time="1.110000"></testcase>
		<testcase classname="pkg.world.dev/world-cli/cmd/world/forge" name="TestForgeSuite/TestDeploy" time="4.110000"></testcase>
		<testcase classname="pkg.world.dev/world-cli/cmd/world/forge" name="TestForgeSuite/TestDestroy/Success_-_Valid_destroy_with_confirmation" time="3.000000"></testcase>
		<testcase classname="pkg.world.dev/world-cli/cmd/world/forge" name="TestForgeSuite/TestDestroy/Success_-_Cancelled_destroy" time="0.000000"></testcase>
		<testcase classname="pkg.world.dev/world-cli/cmd/world/forge" name="TestForgeSuite/TestDestroy/Error_-_Invalid_organization_ID" time="0.000000"></testcase>
		<testcase classname="pkg.world.dev/world-cli/cmd/world/forge" name="TestForgeSuite/TestDestroy/Error_-_No_organization_selected" time="0.000000"></testcase>
		<testcase classname="pkg.world.dev/world-cli/cmd/world/forge" name="TestForgeSuite/TestDestroy" time="3.000000"></testcase>
		<testcase classname="pkg.world.dev/world-cli/cmd/world/forge" name="TestForgeSuite/TestFindGitPathAndURL" time="0.000000"></testcase>
		<testcase classname="pkg.world.dev/world-cli/cmd/world/forge" name="TestForgeSuite/TestGetForgeCommandState" time="0.000000"></testcase>
		<testcase classname="pkg.world.dev/world-cli/cmd/world/forge" name="TestForgeSuite/TestGetInput/Success_-_Normal_input" time="0.000000"></testcase>
		<testcase classname="pkg.world.dev/world-cli/cmd/world/forge" name="TestForgeSuite/TestGetInput/Success_-_Input_with_whitespace" time="0.000000"></testcase>
		<testcase classname="pkg.world.dev/world-cli/cmd/world/forge" name="TestForgeSuite/TestGetInput/Success_-_Input_with_default_value" time="0.000000"></testcase>
		<testcase classname="pkg.world.dev/world-cli/cmd/world/forge" name="TestForgeSuite/TestGetInput/Success_-_Empty_input" time="0.000000"></testcase>
		<testcase classname="pkg.world.dev/world-cli/cmd/world/forge" name="TestForgeSuite/TestGetInput/Success_-_Input_with_multiple_lines" time="0.000000"></testcase>
		<testcase classname="pkg.world.dev/world-cli/cmd/world/forge" name="TestForgeSuite/TestGetInput/Error_-_No_newline" time="0.000000"></testcase>
		<testcase classname="pkg.world.dev/world-cli/cmd/world/forge" name="TestForgeSuite/TestGetInput" time="0.000000"></testcase>
		<testcase classname="pkg.world.dev/world-cli/cmd/world/forge" name="TestForgeSuite/TestGetListOfProjects/Success_-_Valid_organization_with_projects" time="0.000000"></testcase>
		<testcase classname="pkg.world.dev/world-cli/cmd/world/forge" name="TestForgeSuite/TestGetListOfProjects/Error_-_Invalid_organization_ID" time="0.000000"></testcase>
		<testcase classname="pkg.world.dev/world-cli/cmd/world/forge" name="TestForgeSuite/TestGetListOfProjects/Error_-_No_organization_selected" time="0.000000"></testcase>
		<testcase classname="pkg.world.dev/world-cli/cmd/world/forge" name="TestForgeSuite/TestGetListOfProjects" time="0.010000"></testcase>
		<testcase classname="pkg.world.dev/world-cli/cmd/world/forge" name="TestForgeSuite/TestGetRoleInput/Default_Role_is_member" time="0.000000"></testcase>
		<testcase classname="pkg.world.dev/world-cli/cmd/world/forge" name="TestForgeSuite/TestGetRoleInput/Admin" time="0.000000"></testcase>
		<testcase classname="pkg.world.dev/world-cli/cmd/world/forge" name="TestForgeSuite/TestGetRoleInput/Owner" time="0.000000"></testcase>
		<testcase classname="pkg.world.dev/world-cli/cmd/world/forge" name="TestForgeSuite/TestGetRoleInput/Member" time="0.000000"></testcase>
		<testcase classname="pkg.world.dev/world-cli/cmd/world/forge" name="TestForgeSuite/TestGetRoleInput/None_enabled" time="0.000000"></testcase>
		<testcase classname="pkg.world.dev/world-cli/cmd/world/forge" name="TestForgeSuite/TestGetRoleInput/None_disabled" time="0.000000"></testcase>
		<testcase classname="pkg.world.dev/world-cli/cmd/world/forge" name="TestForgeSuite/TestGetRoleInput/Bad_Role" time="0.000000"></testcase>
		<testcase classname="pkg.world.dev/world-cli/cmd/world/forge" name="TestForgeSuite/TestGetRoleInput" time="0.000000"></testcase>
		<testcase classname="pkg.world.dev/world-cli/cmd/world/forge" name="TestForgeSuite/TestGetSelectedOrganization/Success_-_Valid_organization" time="0.000000"></testcase>
		<testcase classname="pkg.world.dev/world-cli/cmd/world/forge" name="TestForgeSuite/TestGetSelectedOrganization/Error_-_Invalid_organization_ID" time="0.000000"></testcase>
		<testcase classname="pkg.world.dev/world-cli/cmd/world/forge" name="TestForgeSuite/TestGetSelectedOrganization/Error_-_No_organization_selected" time="0.000000"></testcase>
		<testcase classname="pkg.world.dev/world-cli/cmd/world/forge" name="TestForgeSuite/TestGetSelectedOrganization" time="0.010000"></testcase>
		<testcase classname="pkg.world.dev/world-cli/cmd/world/forge" name="TestForgeSuite/TestGetSelectedProject/Success_-_Valid_project" time="0.000000"></testcase>
		<testcase classname="pkg.world.dev/world-cli/cmd/world/forge" name="TestForgeSuite/TestGetSelectedProject/Error_-_Invalid_project_ID" time="0.000000"></testcase>
		<testcase classname="pkg.world.dev/world-cli/cmd/world/forge" name="TestForgeSuite/TestGetSelectedProject/Error_-_No_organization_selected" time="0.000000"></testcase>
		<testcase classname="pkg.world.dev/world-cli/cmd/world/forge" name="TestForgeSuite/TestGetSelectedProject/Error_-_No_project_selected" time="0.010000"></testcase>
		<testcase classname="pkg.world.dev/world-cli/cmd/world/forge" name="TestForgeSuite/TestGetSelectedProject" time="0.020000"></testcase>
		<testcase classname="pkg.world.dev/world-cli/cmd/world/forge" name="TestForgeSuite/TestHandleNeedExistingOrgData/Success_-_Single_org_exists" time="0.000000"></testcase>
		<testcase classname="pkg.world.dev/world-cli/cmd/world/forge" name="TestForgeSuite/TestHandleNeedExistingOrgData/Success_-_Multiple_orgs,_select_first" time="0.000000"></testcase>
		<testcase classname="pkg.world.dev/world-cli/cmd/world/forge" name="TestForgeSuite/TestHandleNeedExistingOrgData/Success_-_Multiple_orgs,_select_second" time="0.000000"></testcase>
		<testcase classname="pkg.world.dev/world-cli/cmd/world/forge" name="TestForgeSuite/TestHandleNeedExistingOrgData/Error_-_Multiple_orgs,_cancel_selection" time="0.000000"></testcase>
		<testcase classname="pkg.world.dev/world-cli/cmd/world/forge" name="TestForgeSuite/TestHandleNeedExistingOrgData/Error_-_No_orgs_exist" time="0.000000"></testcase>
		<testcase classname="pkg.world.dev/world-cli/cmd/world/forge" name="TestForgeSuite/TestHandleNeedExistingOrgData" time="0.010000"></testcase>
		<testcase classname="pkg.world.dev/world-cli/cmd/world/forge" name="TestForgeSuite/TestHandleNeedExistingProjectData/Success_-_Single_project_exists" time="0.010000"></testcase>
		<testcase classname="pkg.world.dev/world-cli/cmd/world/forge" name="TestForgeSuite/TestHandleNeedExistingProjectData/Success_-_Multiple_projects,_select_first_project" time="0.010000"></testcase>
		<testcase classname="pkg.world.dev/world-cli/cmd/world/forge" name="TestForgeSuite/TestHandleNeedExistingProjectData/Success_-_Multiple_projects,_select_second_project" time="0.010000"></testcase>
		<testcase classname="pkg.world.dev/world-cli/cmd/world/forge" name="TestForgeSuite/TestHandleNeedExistingProjectData/Error_-_Multiple_projects,_cancel_selection" time="0.010000"></testcase>
		<testcase classname="pkg.world.dev/world-cli/cmd/world/forge" name="TestForgeSuite/TestHandleNeedExistingProjectData/Error_-_No_projects_exist" time="0.010000"></testcase>
		<testcase classname="pkg.world.dev/world-cli/cmd/world/forge" name="TestForgeSuite/TestHandleNeedExistingProjectData" time="0.050000"></testcase>
		<testcase classname="pkg.world.dev/world-cli/cmd/world/forge" name="TestForgeSuite/TestHandleNeedOrgData/Success_-_Create_org_when_none_exist" time="0.000000"></testcase>
		<testcase classname="pkg.world.dev/world-cli/cmd/world/forge" name="TestForgeSuite/TestHandleNeedOrgData/Success_-_Cancel_org_creation" time="0.000000"></testcase>
		<testcase classname="pkg.world.dev/world-cli/cmd/world/forge" name="TestForgeSuite/TestHandleNeedOrgData/Success_-_Create_org_with_custom_slug" time="0.000000"></testcase>
		<testcase classname="pkg.world.dev/world-cli/cmd/world/forge" name="TestForgeSuite/TestHandleNeedOrgData/Success_-_Single_org_exists" time="0.000000"></testcase>
		<testcase classname="pkg.world.dev/world-cli/cmd/world/forge" name="TestForgeSuite/TestHandleNeedOrgData/Success_-_Multiple_orgs,_select_first" time="0.000000"></testcase>
		<testcase classname="pkg.world.dev/world-cli/cmd/world/forge" name="TestForgeSuite/TestHandleNeedOrgData/Success_-_Multiple_orgs,_select_second" time="0.000000"></testcase>
		<testcase classname="pkg.world.dev/world-cli/cmd/world/forge" name="TestForgeSuite/TestHandleNeedOrgData/Error_-_Multiple_orgs,_cancel_selection" time="0.000000"></testcase>
		<testcase classname="pkg.world.dev/world-cli/cmd/world/forge" name="TestForgeSuite/TestHandleNeedOrgData/Success_-_Single_org_exists#01" time="0.000000"></testcase>
		<testcase classname="pkg.world.dev/world-cli/cmd/world/forge" name="TestForgeSuite/TestHandleNeedOrgData/Error_-_Single_org_exists,_cancel_selection" time="0.000000"></testcase>
		<testcase classname="pkg.world.dev/world-cli/cmd/world/forge" name="TestForgeSuite/TestHandleNeedOrgData/Success_-_Single_org_exists,_create_new_instead" time="0.000000"></testcase>
		<testcase classname="pkg.world.dev/world-cli/cmd/world/forge" name="TestForgeSuite/TestHandleNeedOrgData" time="0.010000"></testcase>
		<testcase classname="pkg.world.dev/world-cli/cmd/world/forge" name="TestForgeSuite/TestHandleNeedProjectData/Success_-_Always_returns_no_projects_case" time="1.100000"></testcase>
		<testcase classname="pkg.world.dev/world-cli/cmd/world/forge" name="TestForgeSuite/TestHandleNeedProjectData/Error_-_Cancel_project_creation" time="0.000000"></testcase>
		<testcase classname="pkg.world.dev/world-cli/cmd/world/forge" name="TestForgeSuite/TestHandleNeedProjectData/Success_-_Single_project_exists" time="0.000000"></testcase>
		<testcase classname="pkg.world.dev/world-cli/cmd/world/forge" name="TestForgeSuite/TestHandleNeedProjectData/Error_-_Single_project_exists,_cancel_selection" time="0.000000"></testcase>
		<testcase classname="pkg.world.dev/world-cli/cmd/world/forge" name="TestForgeSuite/TestHandleNeedProjectData/Success_-_Single_project_exists,_create_new_project" time="1.100000"></testcase>
		<testcase classname="pkg.world.dev/world-cli/cmd/world/forge" name="TestForgeSuite/TestHandleNeedProjectData/Success_-_Multiple_projects,_select_first_project" time="0.010000"></testcase>
		<testcase classname="pkg.world.dev/world-cli/cmd/world/forge" name="TestForgeSuite/TestHandleNeedProjectData/Success_-_Multiple_projects,_select_second_project" time="0.010000"></testcase>
		<testcase classname="pkg.world.dev/world-cli/cmd/world/forge" name="TestForgeSuite/TestHandleNeedProjectData/Error_-_Multiple_projects,_cancel_selection" time="0.010000"></testcase>
		<testcase classname="pkg.world.dev/world-cli/cmd/world/forge" name="TestForgeSuite/TestHandleNeedProjectData" time="2.240000"></testcase>
		<testcase classname="pkg.world.dev/world-cli/cmd/world/forge" name="TestForgeSuite/TestInviteUserToOrganization/Success_-_Default_role" time="0.000000"></testcase>
		<testcase classname="pkg.world.dev/world-cli/cmd/world/forge" name="TestForgeSuite/TestInviteUserToOrganization/Success_-_admin_role" time="0.000000"></testcase>
		<testcase classname="pkg.world.dev/world-cli/cmd/world/forge" name="TestForgeSuite/TestInviteUserToOrganization/Error_-_No_organization_selected" time="0.000000"></testcase>
		<testcase classname="pkg.world.dev/world-cli/cmd/world/forge" name="TestForgeSuite/TestInviteUserToOrganization/Error_-_Invalid_organization_ID" time="0.000000"></testcase>
		<testcase classname="pkg.world.dev/world-cli/cmd/world/forge" name="TestForgeSuite/TestInviteUserToOrganization/Error_-_Invalid_Role:_None" time="0.000000"></testcase>
		<testcase classname="pkg.world.dev/world-cli/cmd/world/forge" name="TestForgeSuite/TestInviteUserToOrganization" time="0.000000"></testcase>
		<testcase classname="pkg.world.dev/world-cli/cmd/world/forge" name="TestForgeSuite/TestInviteUserToOrganizationCmd/Success_-_Invite_user" time="0.010000"></testcase>
		<testcase classname="pkg.world.dev/world-cli/cmd/world/forge" name="TestForgeSuite/TestInviteUserToOrganizationCmd/Error_-_SetupForgeCommandState_fails" time="0.000000"></testcase>
		<testcase classname="pkg.world.dev/world-cli/cmd/world/forge" name="TestForgeSuite/TestInviteUserToOrganizationCmd" time="0.010000"></testcase>
		<testcase classname="pkg.world.dev/world-cli/cmd/world/forge" name="TestForgeSuite/TestLogin/Success_-_Has_selected_org_and_project" time="3.020000"></testcase>
		<testcase classname="pkg.world.dev/world-cli/cmd/world/forge" name="TestForgeSuite/TestLogin/Success_-_Has_selected_org_only" time="3.020000"></testcase>
		<testcase classname="pkg.world.dev/world-cli/cmd/world/forge" name="TestForgeSuite/TestLogin/Success_-_No_proj_or_org_selected" time="3.020000"></testcase>
		<testcase classname="pkg.world.dev/world-cli/cmd/world/forge" name="TestForgeSuite/TestLogin/Error_-_Invalid_key" time="6.000000"></testcase>
		<testcase classname="pkg.world.dev/world-cli/cmd/world/forge" name="TestForgeSuite/TestLogin" time="15.060000"></testcase>
		<testcase classname="pkg.world.dev/world-cli/cmd/world/forge" name="TestForgeSuite/TestOrganizationOperations/Success_-_List_organizations" time="0.000000"></testcase>
		<testcase classname="pkg.world.dev/world-cli/cmd/world/forge" name="TestForgeSuite/TestOrganizationOperations/Success_-_Get_selected_organization" time="0.000000"></testcase>
		<testcase classname="pkg.world.dev/world-cli/cmd/world/forge" name="TestForgeSuite/TestOrganizationOperations/Success_-_Select_organization" time="0.010000"></testcase>
		<testcase classname="pkg.world.dev/world-cli/cmd/world/forge" name="TestForgeSuite/TestOrganizationOperations/Error_-_Get_invalid_organization" time="0.000000"></testcase>
		<testcase classname="pkg.world.dev/world-cli/cmd/world/forge" name="TestForgeSuite/TestOrganizationOperations/Error_-_Select_cancelled" time="0.000000"></testcase>
		<testcase classname="pkg.world.dev/world-cli/cmd/world/forge" name="TestForgeSuite/TestOrganizationOperations/Success_-_Select_organization_from_valid_slug" time="0.010000"></testcase>
		<testcase classname="pkg.world.dev/world-cli/cmd/world/forge" name="TestForgeSuite/TestOrganizationOperations" time="0.030000"></testcase>
		<testcase classname="pkg.world.dev/world-cli/cmd/world/forge" name="TestForgeSuite/TestParseResponse/Success_-_Valid_JSON_response" time="0.000000"></testcase>
		<testcase classname="pkg.world.dev/world-cli/cmd/world/forge" name="TestForgeSuite/TestParseResponse/Error_-_Invalid_JSON" time="0.000000"></testcase>
		<testcase classname="pkg.world.dev/world-cli/cmd/world/forge" name="TestForgeSuite/TestParseResponse/Error_-_Missing_data_field" time="0.000000"></testcase>
		<testcase classname="pkg.world.dev/world-cli/cmd/world/forge" name="TestForgeSuite/TestParseResponse" time="0.000000"></testcase>
		<testcase classname="pkg.world.dev/world-cli/cmd/world/forge" name="TestForgeSuite/TestReset/Success" time="3.000000"></testcase>
		<testcase classname="pkg.world.dev/world-cli/cmd/world/forge" name="TestForgeSuite/TestReset/Error_-_Invalid_organization_ID" time="0.000000"></testcase>
		<testcase classname="pkg.world.dev/world-cli/cmd/world/forge" name="TestForgeSuite/TestReset/Error_-_Invalid_project_ID" time="0.000000"></testcase>
		<testcase classname="pkg.world.dev/world-cli/cmd/world/forge" name="TestForgeSuite/TestReset/Error_-_No_organization_selected" time="0.000000"></testcase>
		<testcase classname="pkg.world.dev/world-cli/cmd/world/forge" name="TestForgeSuite/TestReset" time="3.000000"></testcase>
		<testcase classname="pkg.world.dev/world-cli/cmd/world/forge" name="TestForgeSuite/TestSelectProject/Success_-_Valid_project_selection" time="0.010000"></testcase>
		<testcase classname="pkg.world.dev/world-cli/cmd/world/forge" name="TestForgeSuite/TestSelectProject/Success_-_Cancel_selection_with_&#39;q&#39;" time="0.010000"></testcase>
		<testcase classname="pkg.world.dev/world-cli/cmd/world/forge" name="TestForgeSuite/TestSelectProject/Error_-_Empty_project_list" time="0.010000"></testcase>
		<testcase classname="pkg.world.dev/world-cli/cmd/world/forge" name="TestForgeSuite/TestSelectProject/Error_-_Invalid_organization_ID" time="0.010000"></testcase>
		<testcase classname="pkg.world.dev/world-cli/cmd/world/forge" name="TestForgeSuite/TestSelectProject" time="0.030000"></testcase>
		<testcase classname="pkg.world.dev/world-cli/cmd/world/forge" name="TestForgeSuite/TestSetupForgeCommandState/Success_-_Ignore_all_requirements" time="0.000000"></testcase>
		<testcase classname="pkg.world.dev/world-cli/cmd/world/forge" name="TestForgeSuite/TestSetupForgeCommandState/Success_-_Need_login_and_have_token" time="0.000000"></testcase>
		<testcase classname="pkg.world.dev/world-cli/cmd/world/forge" name="TestForgeSuite/TestSetupForgeCommandState/Error_-_Need_login_but_expired_token" time="0.010000"></testcase>
		<testcase classname="pkg.world.dev/world-cli/cmd/world/forge" name="TestForgeSuite/TestSetupForgeCommandState/Success_-_Need_org_ID_and_have_it" time="0.000000"></testcase>
		<testcase classname="pkg.world.dev/world-cli/cmd/world/forge" name="TestForgeSuite/TestSetupForgeCommandState/Success_-_Need_project_ID_and_have_it" time="0.000000"></testcase>
		<testcase classname="pkg.world.dev/world-cli/cmd/world/forge" name="TestForgeSuite/TestSetupForgeCommandState/Error_-_Need_login_but_no_token" time="0.000000"></testcase>
		<testcase classname="pkg.world.dev/world-cli/cmd/world/forge" name="TestForgeSuite/TestSetupForgeCommandState/Error_-_Must_not_have_org_but_have_org_ID" time="0.000000"></testcase>
		<testcase classname="pkg.world.dev/world-cli/cmd/world/forge" name="TestForgeSuite/TestSetupForgeCommandState/Error_-_Must_not_have_project_but_have_project_ID" time="0.000000"></testcase>
		<testcase classname="pkg.world.dev/world-cli/cmd/world/forge" name="TestForgeSuite/TestSetupForgeCommandState/Success_-_Need_repo_lookup_and_have_URL" time="0.000000"></testcase>
		<testcase classname="pkg.world.dev/world-cli/cmd/world/forge" name="TestForgeSuite/TestSetupForgeCommandState" time="0.030000"></testcase>
		<testcase classname="pkg.world.dev/world-cli/cmd/world/forge" name="TestForgeSuite/TestShowOrganizationList/Success_-_Show_organization_list_with_selected_org" time="0.000000"></testcase>
		<testcase classname="pkg.world.dev/world-cli/cmd/world/forge" name="TestForgeSuite/TestShowOrganizationList/Success_-_Show_organization_list_without_selected_org" time="0.000000"></testcase>
		<testcase classname="pkg.world.dev/world-cli/cmd/world/forge" name="TestForgeSuite/TestShowOrganizationList/Error_-_Invalid_organization_ID" time="0.000000"></testcase>
		<testcase classname="pkg.world.dev/world-cli/cmd/world/forge" name="TestForgeSuite/TestShowOrganizationList" time="0.010000"></testcase>
		<testcase classname="pkg.world.dev/world-cli/cmd/world/forge" name="TestForgeSuite/TestShowProjectList/Success_-_Show_project_list_with_selected_project" time="0.010000"></testcase>
		<testcase classname="pkg.world.dev/world-cli/cmd/world/forge" name="TestForgeSuite/TestShowProjectList/Success_-_Show_project_list_without_selected_project" time="0.010000"></testcase>
		<testcase classname="pkg.world.dev/world-cli/cmd/world/forge" name="TestForgeSuite/TestShowProjectList/Success_-_Empty_project_list" time="0.000000"></testcase>
		<testcase classname="pkg.world.dev/world-cli/cmd/world/forge" name="TestForgeSuite/TestShowProjectList/Error_-_Invalid_organization_ID" time="0.000000"></testcase>
		<testcase classname="pkg.world.dev/world-cli/cmd/world/forge" name="TestForgeSuite/TestShowProjectList/Error_-_Invalid_project_ID" time="0.010000"></testcase>
		<testcase classname="pkg.world.dev/world-cli/cmd/world/forge" name="TestForgeSuite/TestShowProjectList" time="0.030000"></testcase>
		<testcase classname="pkg.world.dev/world-cli/cmd/world/forge" name="TestForgeSuite/TestSlugCreateFromName/Basic_conversion" time="0.000000"></testcase>
		<testcase classname="pkg.world.dev/world-cli/cmd/world/forge" name="TestForgeSuite/TestSlugCreateFromName/With_special_characters" time="0.000000"></testcase>
		<testcase classname="pkg.world.dev/world-cli/cmd/world/forge" name="TestForgeSuite/TestSlugCreateFromName/With_dashes" time="0.000000"></testcase>
		<testcase classname="pkg.world.dev/world-cli/cmd/world/forge" name="TestForgeSuite/TestSlugCreateFromName/With_multiple_spaces" time="0.000000"></testcase>
		<testcase classname="pkg.world.dev/world-cli/cmd/world/forge" name="TestForgeSuite/TestSlugCreateFromName/With_numbers" time="0.000000"></testcase>
		<testcase classname="pkg.world.dev/world-cli/cmd/world/forge" name="TestForgeSuite/TestSlugCreateFromName/Empty_string" time="0.000000"></testcase>
		<testcase classname="pkg.world.dev/world-cli/cmd/world/forge" name="TestForgeSuite/TestSlugCreateFromName/Only_special_characters" time="0.000000"></testcase>
		<testcase classname="pkg.world.dev/world-cli/cmd/world/forge" name="TestForgeSuite/TestSlugCreateFromName/Too_short" time="0.000000"></testcase>
		<testcase classname="pkg.world.dev/world-cli/cmd/world/forge" name="TestForgeSuite/TestSlugCreateFromName/Reducing_underscores" time="0.000000"></testcase>
		<testcase classname="pkg.world.dev/world-cli/cmd/world/forge" name="TestForgeSuite/TestSlugCreateFromName/CamelCase_conversion" time="0.000000"></testcase>
		<testcase classname="pkg.world.dev/world-cli/cmd/world/forge" name="TestForgeSuite/TestSlugCreateFromName/Mixed_CamelCase_with_spaces" time="0.000000"></testcase>
		<testcase classname="pkg.world.dev/world-cli/cmd/world/forge" name="TestForgeSuite/TestSlugCreateFromName/Complex_mixed_case_with_special_chars" time="0.000000"></testcase>
		<testcase classname="pkg.world.dev/world-cli/cmd/world/forge" name="TestForgeSuite/TestSlugCreateFromName/Leading_number" time="0.000000"></testcase>
		<testcase classname="pkg.world.dev/world-cli/cmd/world/forge" name="TestForgeSuite/TestSlugCreateFromName/CamelCase_with_numbers" time="0.000000"></testcase>
		<testcase classname="pkg.world.dev/world-cli/cmd/world/forge" name="TestForgeSuite/TestSlugCreateFromName/Complex_CamelCase_with_nums" time="0.000000"></testcase>
		<testcase classname="pkg.world.dev/world-cli/cmd/world/forge" name="TestForgeSuite/TestSlugCreateFromName/Numbers_with_special_characters" time="0.000000"></testcase>
		<testcase classname="pkg.world.dev/world-cli/cmd/world/forge" name="TestForgeSuite/TestSlugCreateFromName/Very_long_(truncate)" time="0.000000"></testcase>
		<testcase classname="pkg.world.dev/world-cli/cmd/world/forge" name="TestForgeSuite/TestSlugCreateFromName/Very_long_(shorten)" time="0.000000"></testcase>
		<testcase classname="pkg.world.dev/world-cli/cmd/world/forge" name="TestForgeSuite/TestSlugCreateFromName/Very_long_CamelCase_(shorten)" time="0.000000"></testcase>
		<testcase classname="pkg.world.dev/world-cli/cmd/world/forge" name="TestForgeSuite/TestSlugCreateFromName" time="0.000000"></testcase>
		<testcase classname="pkg.world.dev/world-cli/cmd/world/forge" name="TestForgeSuite/TestStatus/Success_-_Valid_deployment" time="0.000000"></testcase>
		<testcase classname="pkg.world.dev/world-cli/cmd/world/forge" name="TestForgeSuite/TestStatus/Success_-_Valid_undeployed_project" time="0.000000"></testcase>
		<testcase classname="pkg.world.dev/world-cli/cmd/world/forge" name="TestForgeSuite/TestStatus/Success_-_Valid_failed_build_project" time="0.000000"></testcase>
		<testcase classname="pkg.world.dev/world-cli/cmd/world/forge" name="TestForgeSuite/TestStatus/Success_-_Valid_destroyed_project" time="0.000000"></testcase>
		<testcase classname="pkg.world.dev/world-cli/cmd/world/forge" name="TestForgeSuite/TestStatus/Success_-_Valid_reset_project" time="0.000000"></testcase>
		<testcase classname="pkg.world.dev/world-cli/cmd/world/forge" name="TestForgeSuite/TestStatus/Error_-_Invalid_project_ID" time="0.000000"></testcase>
		<testcase classname="pkg.world.dev/world-cli/cmd/world/forge" name="TestForgeSuite/TestStatus/Error_-_No_organization_selected" time="0.000000"></testcase>
		<testcase classname="pkg.world.dev/world-cli/cmd/world/forge" name="TestForgeSuite/TestStatus/Error_-_No_project_selected" time="0.000000"></testcase>
		<testcase classname="pkg.world.dev/world-cli/cmd/world/forge" name="TestForgeSuite/TestStatus" time="0.010000"></testcase>
		<testcase classname="pkg.world.dev/world-cli/cmd/world/forge" name="TestForgeSuite/TestSwitchOrganizationCmd/Success_-_Switch_by_slug" time="0.020000"></testcase>
		<testcase classname="pkg.world.dev/world-cli/cmd/world/forge" name="TestForgeSuite/TestSwitchOrganizationCmd/Error_-_Invalid_slug" time="0.000000"></testcase>
		<testcase classname="pkg.world.dev/world-cli/cmd/world/forge" name="TestForgeSuite/TestSwitchOrganizationCmd/Success_-_Interactive_selection" time="0.020000"></testcase>
		<testcase classname="pkg.world.dev/world-cli/cmd/world/forge" name="TestForgeSuite/TestSwitchOrganizationCmd/Error_-_Not_logged_in" time="0.000000"></testcase>
		<testcase classname="pkg.world.dev/world-cli/cmd/world/forge" name="TestForgeSuite/TestSwitchOrganizationCmd" time="0.050000"></testcase>
		<testcase classname="pkg.world.dev/world-cli/cmd/world/forge" name="TestForgeSuite/TestSwitchProjectCmd/Success_-_Switch_project_by_slug" time="0.020000"></testcase>
		<testcase classname="pkg.world.dev/world-cli/cmd/world/forge" name="TestForgeSuite/TestSwitchProjectCmd/Success_-_Switch_project_interactively" time="0.010000"></testcase>
		<testcase classname="pkg.world.dev/world-cli/cmd/world/forge" name="TestForgeSuite/TestSwitchProjectCmd/Error_-_Not_logged_in" time="0.000000"></testcase>
		<testcase classname="pkg.world.dev/world-cli/cmd/world/forge" name="TestForgeSuite/TestSwitchProjectCmd/Error_-_No_organization_selected" time="0.020000"></testcase>
		<testcase classname="pkg.world.dev/world-cli/cmd/world/forge" name="TestForgeSuite/TestSwitchProjectCmd/Error_-_No_projects_exist" time="0.020000"></testcase>
		<testcase classname="pkg.world.dev/world-cli/cmd/world/forge" name="TestForgeSuite/TestSwitchProjectCmd/Error_-_Project_selection_aborted" time="0.010000"></testcase>
		<testcase classname="pkg.world.dev/world-cli/cmd/world/forge" name="TestForgeSuite/TestSwitchProjectCmd/Error_-_failed_to_select_project" time="0.020000"></testcase>
		<testcase classname="pkg.world.dev/world-cli/cmd/world/forge" name="TestForgeSuite/TestSwitchProjectCmd" time="0.100000"></testcase>
		<testcase classname="pkg.world.dev/world-cli/cmd/world/forge" name="TestForgeSuite/TestUpdateRoleInOrganization/Success_-_Default_role" time="0.000000"></testcase>
		<testcase classname="pkg.world.dev/world-cli/cmd/world/forge" name="TestForgeSuite/TestUpdateRoleInOrganization/Success_-_admin_role" time="0.000000"></testcase>
		<testcase classname="pkg.world.dev/world-cli/cmd/world/forge" name="TestForgeSuite/TestUpdateRoleInOrganization/Success_-_none_with_confirm_remove" time="0.000000"></testcase>
		<testcase classname="pkg.world.dev/world-cli/cmd/world/forge" name="TestForgeSuite/TestUpdateRoleInOrganization/Error_-_No_organization_selected" time="0.000000"></testcase>
		<testcase classname="pkg.world.dev/world-cli/cmd/world/forge" name="TestForgeSuite/TestUpdateRoleInOrganization/Error_-_Invalid_organization_ID" time="0.000000"></testcase>
		<testcase classname="pkg.world.dev/world-cli/cmd/world/forge" name="TestForgeSuite/TestUpdateRoleInOrganization/Error_-_Role_none_dont_confirm_remove" time="0.000000"></testcase>
		<testcase classname="pkg.world.dev/world-cli/cmd/world/forge" name="TestForgeSuite/TestUpdateRoleInOrganization" time="0.000000"></testcase>
		<testcase classname="pkg.world.dev/world-cli/cmd/world/forge" name="TestForgeSuite/TestUpdateUserCmd/Success_-_Update_user_with_flags" time="0.010000"></testcase>
		<testcase classname="pkg.world.dev/world-cli/cmd/world/forge" name="TestForgeSuite/TestUpdateUserCmd/Success_-_Update_user_without_flags" time="0.010000"></testcase>
		<testcase classname="pkg.world.dev/world-cli/cmd/world/forge" name="TestForgeSuite/TestUpdateUserCmd/Error_-_SetupForgeCommandState_fails" time="0.000000"></testcase>
		<testcase classname="pkg.world.dev/world-cli/cmd/world/forge" name="TestForgeSuite/TestUpdateUserCmd" time="0.020000"></testcase>
		<testcase classname="pkg.world.dev/world-cli/cmd/world/forge" name="TestForgeSuite/TestValidateRepoPath/Good_Path" time="0.000000"></testcase>
		<testcase classname="pkg.world.dev/world-cli/cmd/world/forge" name="TestForgeSuite/TestValidateRepoPath/Bad_Path" time="0.000000"></testcase>
		<testcase classname="pkg.world.dev/world-cli/cmd/world/forge" name="TestForgeSuite/TestValidateRepoPath/Empty_Path" time="0.000000"></testcase>
		<testcase classname="pkg.world.dev/world-cli/cmd/world/forge" name="TestForgeSuite/TestValidateRepoPath/Multilevel_Path" time="0.000000"></testcase>
		<testcase classname="pkg.world.dev/world-cli/cmd/world/forge" name="TestForgeSuite/TestValidateRepoPath" time="0.000000"></testcase>
		<testcase classname="pkg.world.dev/world-cli/cmd/world/forge" name="TestForgeSuite/TestValidateRepoToken/Success_-_Valid_GitHub_repo_and_token" time="0.210000"></testcase>
		<testcase classname="pkg.world.dev/world-cli/cmd/world/forge" name="TestForgeSuite/TestValidateRepoToken/Success_-_Valid_GitLab_repo_and_token" time="0.220000"></testcase>
		<testcase classname="pkg.world.dev/world-cli/cmd/world/forge" name="TestForgeSuite/TestValidateRepoToken/Success_-_Valid_Bitbucket_repo_and_token" time="0.210000"></testcase>
		<testcase classname="pkg.world.dev/world-cli/cmd/world/forge" name="TestForgeSuite/TestValidateRepoToken/Error_-_Invalid_repo_URL" time="0.000000"></testcase>
		<testcase classname="pkg.world.dev/world-cli/cmd/world/forge" name="TestForgeSuite/TestValidateRepoToken/Error_-_Unsupported_provider" time="0.000000"></testcase>
		<testcase classname="pkg.world.dev/world-cli/cmd/world/forge" name="TestForgeSuite/TestValidateRepoToken" time="0.630000"></testcase>
		<testcase classname="pkg.world.dev/world-cli/cmd/world/forge" name="TestForgeSuite" time="35.130000"></testcase>
	</testsuite>
	<testsuite tests="7" failures="2" time="119.149000" name="pkg.world.dev/world-cli/cmd/world/root" timestamp="2025-05-21T16:12:14-04:00">
		<properties>
			<property name="go.version" value="go1.24.1 linux/amd64"></property>
		</properties>
		<testcase classname="pkg.world.dev/world-cli/cmd/world/root" name="TestCreateStartStopRestartPurge" time="18.700000">
			<failure message="Failed" type="">=== RUN   TestCreateStartStopRestartPurge&#xA;�[?25l�[?2004h&#xD;┌──────────────────────────────────────────────────────┐&#xD;&#xA;│                                                      │&#xD;&#xA;│  ✓ Set game shard name                               │&#xD;&#xA;│  ⣽ Initialize game shard with starter-game-template  │&#xD;&#xA;│  • Update world.toml configuration                   │&#xD;&#xA;│  • Set up Cardinal Editor                            │&#xD;&#xA;│                                                      │&#xD;&#xA;└──────────────────────────────────────────────────────┘&#xD;&#xA;&#xD;&#xA;? What is your game shard name? » /TestCreateStartStopRestartPurge3510248391/001/sgt &#xD;&#xA;&#xD;&#xA;&#xD;&#xA;&#xD;&#xA;�[D�[2K�[A�[2K�[A�[2K�[A�[2K�[A�[2K�[A�[2K�[A�[2K�[A�[2K�[A�[2K�[A�[2K�[A�[2K�[A�[2K�[A�[2K�[A�[D�[2K┌──────────────────────────────────────────────────────┐&#xD;&#xA;│                                                      │&#xD;&#xA;│  ✓ Set game shard name                               │&#xD;&#xA;│  ✓ Initialize game shard with starter-game-template  │&#xD;&#xA;│  ✓ Update world.toml configuration                   │&#xD;&#xA;│  ⣻ Set up Cardinal Editor                            │&#xD;&#xA;│                                                      │&#xD;&#xA;└──────────────────────────────────────────────────────┘&#xD;&#xA;&#xD;&#xA;? What is your game shard name? » /TestCreateStartStopRestartPurge3510248391/001/sgt &#xD;&#xA;&#xD;&#xA;› Cloning starter-game-template...&#xD;&#xA;› Successfully created a starter game shard in .//tmp/TestCreateStartStopRestartPurge3510248391/001/sgt&#xD;&#xA;› Updating world.toml configuration...&#xD;&#xA;&#xD;&#xA;�[D�[2K�[A�[2K�[A�[2K�[A�[2K�[A�[2K�[A�[2K�[A�[2K�[A�[2K�[A�[2K�[A�[2K�[A�[2K�[A�[2K�[A�[2K�[A�[2K�[A�[2K�[A�[D�[2K┌──────────────────────────────────────────────────────┐&#xD;&#xA;│                                                      │&#xD;&#xA;│  ✓ Set game shard name                               │&#xD;&#xA;│  ✓ Initialize game shard with starter-game-template  │&#xD;&#xA;│  ✓ Update world.toml configuration                   │&#xD;&#xA;│  ✓ Set up Cardinal Editor                            │&#xD;&#xA;│                                                      │&#xD;&#xA;└──────────────────────────────────────────────────────┘&#xD;&#xA;&#xD;&#xA;? What is your game shard name? » /TestCreateStartStopRestartPurge3510248391/001/sgt &#xD;&#xA;&#xD;&#xA;› Cloning starter-game-template...&#xD;&#xA;› Successfully created a starter game shard in .//tmp/TestCreateStartStopRestartPurge3510248391/001/sgt&#xD;&#xA;› Updating world.toml configuration...&#xD;&#xA;› Setting up Cardinal Editor&#xD;&#xA;&#xD;&#xA;�[D�[2K&#xD;�[?2004l�[?25h�[?1002l�[?1003l�[?1006l╭────────────────────────────────────────╮&#xA;│                Cardinal                │&#xA;╰────────────────────────────────────────╯&#xA;&#xA;Redis → localhost:6379&#xA;Cardinal → localhost:4040&#xA;Cardinal Editor → [disabled]&#xA;&#xA;Press &lt;ENTER&gt; to continue...&#xA;Starting Cardinal game shard...&#xA;This may take a few minutes to rebuild the Docker images.&#xA;Use `world cardinal dev` to run Cardinal faster/easier in development mode.&#xA;�[?25l�[?2004h&#xD;✓  created network defaultnamespace &#xD;&#xA;�[D�[2K&#xD;�[?2004l�[?25h�[?1002l�[?1003l�[?1006l�[?25l�[?2004h&#xD;✓  created volume defaultnamespace &#xD;&#xA;�[D�[2K&#xD;�[?2004l�[?25h�[?1002l�[?1003l�[?1006l�[?25l�[?2004h&#xD;●∙∙ starting container defaultnamespace-nakama-db &#xD;&#xA;●∙∙ starting container defaultnamespace-redis &#xD;&#xA;●∙∙ starting container defaultnamespace-cardinal &#xD;&#xA;●∙∙ starting container defaultnamespace-nakama &#xD;&#xA;�[D�[A�[A�[2K�[A�[A�[D�[2K●∙∙ starting container defaultnamespace-nakama-db &#xD;&#xA;�[B✗  starting container defaultnamespace-cardinal Error response from daemon: No such image: defaultnamespace:latest&#xD;&#xA;�[B�[D�[A�[2K�[A�[A�[2K�[A�[D�[2K∙●∙ starting container defaultnamespace-nakama-db &#xD;&#xA;∙●∙ starting container defaultnamespace-redis &#xD;&#xA;�[B∙●∙ starting container defaultnamespace-nakama &#xD;&#xA;�[D�[A�[2K�[A�[A�[2K�[A�[D�[2K∙∙● starting container defaultnamespace-nakama-db &#xD;&#xA;∙∙● starting container defaultnamespace-redis &#xD;&#xA;�[B∙∙● starting container defaultnamespace-nakama &#xD;&#xA;�[D�[A�[2K�[A�[A�[2K�[A�[D�[2K∙∙∙ starting container defaultnamespace-nakama-db &#xD;&#xA;∙∙∙ starting container defaultnamespace-redis &#xD;&#xA;�[B∙∙∙ starting container defaultnamespace-nakama &#xD;&#xA;�[D�[A�[2K�[A�[A�[2K�[A�[D�[2K●∙∙ starting container defaultnamespace-nakama-db &#xD;&#xA;●∙∙ starting container defaultnamespace-redis &#xD;&#xA;�[B●∙∙ starting container defaultnamespace-nakama &#xD;&#xA;�[D�[A�[2K�[A�[A�[2K�[A�[D�[2K∙●∙ starting container defaultnamespace-nakama-db &#xD;&#xA;∙●∙ starting container defaultnamespace-redis &#xD;&#xA;�[B∙●∙ starting container defaultnamespace-nakama &#xD;&#xA;�[D�[A�[2K�[A�[A�[2K�[A�[D�[2K∙∙● starting container defaultnamespace-nakama-db &#xD;&#xA;∙∙● starting container defaultnamespace-redis &#xD;&#xA;�[B∙∙● starting container defaultnamespace-nakama &#xD;&#xA;�[D�[A�[A�[A�[A�[D�[2K✓  started container defaultnamespace-nakama-db &#xD;&#xA;�[B�[B�[B�[D�[A�[2K�[A�[A�[2K�[A�[D�[2K✓  started container defaultnamespace-nakama-db &#xD;&#xA;∙∙∙ starting container defaultnamespace-redis &#xD;&#xA;�[B∙∙∙ starting container defaultnamespace-nakama &#xD;&#xA;�[D�[A�[A�[A�[2K�[A�[D�[2K✓  started container defaultnamespace-nakama-db &#xD;&#xA;✓  started container defaultnamespace-redis &#xD;&#xA;�[B�[B�[D�[A�[2K�[A�[A�[A�[D�[2K✓  started container defaultnamespace-nakama-db &#xD;&#xA;�[B�[B✓  started container defaultnamespace-nakama &#xD;&#xA;�[D�[2K&#xD;�[?2004l�[?25h�[?1002l�[?1003l�[?1006l    root_internal_test.go:112: assertion failed: error is not nil: Encountered an error with Docker: Failed to start containers: Errors: [Error response from daemon: No such image: defaultnamespace:latest]&#xA;--- FAIL: TestCreateStartStopRestartPurge (18.70s)&#xA;</failure>
		</testcase>
		<testcase classname="pkg.world.dev/world-cli/cmd/world/root" name="TestEVMStart" time="-0.000000">
			<failure message="Failed" type="">=== RUN   TestEVMStart&#xA;�[?25l�[?2004h&#xD;┌──────────────────────────────────────────────────────┐&#xD;&#xA;│                                                      │&#xD;&#xA;│  ✓ Set game shard name                               │&#xD;&#xA;│  ⣽ Initialize game shard with starter-game-template  │&#xD;&#xA;│  • Update world.toml configuration                   │&#xD;&#xA;│  • Set up Cardinal Editor                            │&#xD;&#xA;│                                                      │&#xD;&#xA;└──────────────────────────────────────────────────────┘&#xD;&#xA;&#xD;&#xA;? What is your game shard name? » /tmp/TestEVMStart3152802186/001/sgt                &#xD;&#xA;&#xD;&#xA;&#xD;&#xA;&#xD;&#xA;�[D�[2K�[A�[2K�[A�[2K�[A�[2K�[A�[2K�[A�[2K�[A�[2K�[A�[2K�[A�[2K�[A�[2K�[A�[2K�[A�[2K�[A�[2K�[A�[D�[2K┌──────────────────────────────────────────────────────┐&#xD;&#xA;│                                                      │&#xD;&#xA;│  ✓ Set game shard name                               │&#xD;&#xA;│  ✓ Initialize game shard with starter-game-template  │&#xD;&#xA;│  ✓ Update world.toml configuration                   │&#xD;&#xA;│  ⣻ Set up Cardinal Editor                            │&#xD;&#xA;│                                                      │&#xD;&#xA;└──────────────────────────────────────────────────────┘&#xD;&#xA;&#xD;&#xA;? What is your game shard name? » /tmp/TestEVMStart3152802186/001/sgt                &#xD;&#xA;&#xD;&#xA;› Cloning starter-game-template...&#xD;&#xA;› Successfully created a starter game shard in .//tmp/TestEVMStart3152802186/001/sgt&#xD;&#xA;› Updating world.toml configuration...&#xD;&#xA;&#xD;&#xA;�[D�[2K�[A�[2K�[A�[2K�[A�[2K�[A�[2K�[A�[2K�[A�[2K�[A�[2K�[A�[2K�[A�[2K�[A�[2K�[A�[2K�[A�[2K�[A�[2K�[A�[2K�[A�[D�[2K┌──────────────────────────────────────────────────────┐&#xD;&#xA;│                                                      │&#xD;&#xA;│  ✓ Set game shard name                               │&#xD;&#xA;│  ✓ Initialize game shard with starter-game-template  │&#xD;&#xA;│  ✓ Update world.toml configuration                   │&#xD;&#xA;│  ✓ Set up Cardinal Editor                            │&#xD;&#xA;│                                                      │&#xD;&#xA;└──────────────────────────────────────────────────────┘&#xD;&#xA;&#xD;&#xA;? What is your game shard name? » /tmp/TestEVMStart3152802186/001/sgt                &#xD;&#xA;&#xD;&#xA;› Cloning starter-game-template...&#xD;&#xA;› Successfully created a starter game shard in .//tmp/TestEVMStart3152802186/001/sgt&#xD;&#xA;› Updating world.toml configuration...&#xD;&#xA;› Setting up Cardinal Editor&#xD;&#xA;&#xD;&#xA;�[D�[2K&#xD;�[?2004l�[?25h�[?1002l�[?1003l�[?1006l�[?25l�[?2004h&#xD;✓  created network defaultnamespace &#xD;&#xA;�[D�[2K&#xD;�[?2004l�[?25h�[?1002l�[?1003l�[?1006l�[?25l�[?2004h&#xD;✓  created volume defaultnamespace &#xD;&#xA;�[D�[2K&#xD;�[?2004l�[?25h�[?1002l�[?1003l�[?1006l    root_internal_test.go:233: EVM is not running, retrying...&#xA;    root_internal_test.go:233: EVM is not running, retrying...&#xA;    root_internal_test.go:233: EVM is not running, retrying...&#xA;    root_internal_test.go:233: EVM is not running, retrying...&#xA;    root_internal_test.go:233: EVM is not running, retrying...&#xA;    root_internal_test.go:233: EVM is not running, retrying...&#xA;�[?25l�[?2004h&#xD;●∙∙ starting container defaultnamespace-celestia-devnet &#xD;&#xA;�[D�[A�[D�[2K∙●∙ starting container defaultnamespace-celestia-devnet &#xD;&#xA;�[D�[A�[D�[2K∙∙● starting container defaultnamespace-celestia-devnet &#xD;&#xA;�[D�[A�[D�[2K∙∙∙ starting container defaultnamespace-celestia-devnet &#xD;&#xA;�[D�[A�[D�[2K●∙∙ starting container defaultnamespace-celestia-devnet &#xD;&#xA;�[D�[A�[D�[2K✓  started container defaultnamespace-celestia-devnet &#xD;&#xA;�[D�[2K&#xD;�[?2004l�[?25h�[?1002l�[?1003l�[?1006lGetting DA token&#xA;    root_internal_test.go:233: EVM is not running, retrying...&#xA;�[?25l�[?2004h&#xD;✓  created network defaultnamespace &#xD;&#xA;�[D�[2K&#xD;�[?2004l�[?25h�[?1002l�[?1003l�[?1006l�[?25l�[?2004h&#xD;✓  created volume defaultnamespace &#xD;&#xA;�[D�[2K&#xD;�[?2004l�[?25h�[?1002l�[?1003l�[?1006l    root_internal_test.go:233: EVM is not running, retrying...&#xA;    root_internal_test.go:233: EVM is not running, retrying...&#xA;�[?25l�[?2004h&#xD;✗  starting container defaultnamespace-evm Failed to check if container defaultnamespace-evm exists: Failed to inspect container defaultnamespace-evm: Get &#34;http://%2Fvar%2Frun%2Fdocker.sock/v1.46/containers/defaultnamespace-evm/json&#34;: context deadline exceeded&#xD;&#xA;�[D�[2K&#xD;�[?2004l�[?25h�[?1002l�[?1003l�[?1006l�[?25l�[?2004h&#xD;✓  stopped container defaultnamespace-evm &#xD;&#xA;�[D�[2K&#xD;�[?2004l�[?25h�[?1002l�[?1003l�[?1006l    root_internal_test.go:233: EVM is not running, retrying...&#xA;    root_internal_test.go:233: EVM is not running, retrying...&#xA;    root_internal_test.go:233: EVM is not running, retrying...&#xA;    root_internal_test.go:233: EVM is not running, retrying...&#xA;    root_internal_test.go:233: EVM is not running, retrying...&#xA;    root_internal_test.go:233: EVM is not running, retrying...&#xA;    root_internal_test.go:233: EVM is not running, retrying...&#xA;    root_internal_test.go:233: EVM is not running, retrying...&#xA;    root_internal_test.go:233: EVM is not running, retrying...&#xA;    root_internal_test.go:233: EVM is not running, retrying...&#xA;    root_internal_test.go:233: EVM is not running, retrying...&#xA;    root_internal_test.go:233: EVM is not running, retrying...&#xA;    root_internal_test.go:233: EVM is not running, retrying...&#xA;    root_internal_test.go:233: EVM is not running, retrying...&#xA;    root_internal_test.go:233: EVM is not running, retrying...&#xA;    root_internal_test.go:233: EVM is not running, retrying...&#xA;    root_internal_test.go:233: EVM is not running, retrying...&#xA;    root_internal_test.go:233: EVM is not running, retrying...&#xA;    root_internal_test.go:233: EVM is not running, retrying...&#xA;    root_internal_test.go:233: EVM is not running, retrying...&#xA;    root_internal_test.go:233: EVM is not running, retrying...&#xA;    root_internal_test.go:233: EVM is not running, retrying...&#xA;    root_internal_test.go:233: EVM is not running, retrying...&#xA;    root_internal_test.go:233: EVM is not running, retrying...&#xA;    root_internal_test.go:233: EVM is not running, retrying...&#xA;    root_internal_test.go:233: EVM is not running, retrying...&#xA;    root_internal_test.go:233: EVM is not running, retrying...&#xA;    root_internal_test.go:233: EVM is not running, retrying...&#xA;    root_internal_test.go:233: EVM is not running, retrying...&#xA;    root_internal_test.go:233: EVM is not running, retrying...&#xA;    root_internal_test.go:233: EVM is not running, retrying...&#xA;    root_internal_test.go:233: EVM is not running, retrying...&#xA;    root_internal_test.go:233: EVM is not running, retrying...&#xA;    root_internal_test.go:233: EVM is not running, retrying...&#xA;    root_internal_test.go:233: EVM is not running, retrying...&#xA;    root_internal_test.go:233: EVM is not running, retrying...&#xA;    root_internal_test.go:233: EVM is not running, retrying...&#xA;    root_internal_test.go:233: EVM is not running, retrying...&#xA;    root_internal_test.go:233: EVM is not running, retrying...&#xA;    root_internal_test.go:233: EVM is not running, retrying...&#xA;    root_internal_test.go:233: EVM is not running, retrying...&#xA;    root_internal_test.go:233: EVM is not running, retrying...&#xA;    root_internal_test.go:233: EVM is not running, retrying...&#xA;    root_internal_test.go:233: EVM is not running, retrying...&#xA;    root_internal_test.go:233: EVM is not running, retrying...&#xA;    root_internal_test.go:233: EVM is not running, retrying...&#xA;    root_internal_test.go:233: EVM is not running, retrying...&#xA;    root_internal_test.go:233: EVM is not running, retrying...&#xA;    root_internal_test.go:233: EVM is not running, retrying...&#xA;    root_internal_test.go:233: EVM is not running, retrying...&#xA;    root_internal_test.go:233: EVM is not running, retrying...&#xA;    root_internal_test.go:233: EVM is not running, retrying...&#xA;    root_internal_test.go:233: EVM is not running, retrying...&#xA;    root_internal_test.go:233: EVM is not running, retrying...&#xA;    root_internal_test.go:233: EVM is not running, retrying...&#xA;    root_internal_test.go:233: EVM is not running, retrying...&#xA;    root_internal_test.go:233: EVM is not running, retrying...&#xA;    root_internal_test.go:233: EVM is not running, retrying...&#xA;    root_internal_test.go:233: EVM is not running, retrying...&#xA;    root_internal_test.go:233: EVM is not running, retrying...&#xA;    root_internal_test.go:233: EVM is not running, retrying...&#xA;    root_internal_test.go:233: EVM is not running, retrying...&#xA;    root_internal_test.go:233: EVM is not running, retrying...&#xA;    root_internal_test.go:233: EVM is not running, retrying...&#xA;    root_internal_test.go:233: EVM is not running, retrying...&#xA;    root_internal_test.go:233: EVM is not running, retrying...&#xA;    root_internal_test.go:233: EVM is not running, retrying...&#xA;    root_internal_test.go:233: EVM is not running, retrying...&#xA;    root_internal_test.go:233: EVM is not running, retrying...&#xA;    root_internal_test.go:233: EVM is not running, retrying...&#xA;    root_internal_test.go:233: EVM is not running, retrying...&#xA;    root_internal_test.go:233: EVM is not running, retrying...&#xA;    root_internal_test.go:233: EVM is not running, retrying...&#xA;    root_internal_test.go:233: EVM is not running, retrying...&#xA;    root_internal_test.go:233: EVM is not running, retrying...&#xA;    root_internal_test.go:233: EVM is not running, retrying...&#xA;    root_internal_test.go:233: EVM is not running, retrying...&#xA;signal: interrupt&#xA;</failure>
		</testcase>
		<testcase classname="pkg.world.dev/world-cli/cmd/world/root" name="TestExecuteDoctorCommand" time="1.610000"></testcase>
		<testcase classname="pkg.world.dev/world-cli/cmd/world/root" name="TestDev" time="11.620000"></testcase>
		<testcase classname="pkg.world.dev/world-cli/cmd/world/root" name="TestCheckLatestVersion/success_scenario" time="0.080000"></testcase>
		<testcase classname="pkg.world.dev/world-cli/cmd/world/root" name="TestCheckLatestVersion/error_version_format" time="0.030000"></testcase>
		<testcase classname="pkg.world.dev/world-cli/cmd/world/root" name="TestCheckLatestVersion" time="0.110000"></testcase>
	</testsuite>
	<testsuite tests="0" failures="0" time="0.004000" name="pkg.world.dev/world-cli/common" timestamp="2025-05-21T16:12:14-04:00">
		<properties>
			<property name="go.version" value="go1.24.1 linux/amd64"></property>
		</properties>
	</testsuite>
	<testsuite tests="13" failures="0" time="0.012000" name="pkg.world.dev/world-cli/common/config" timestamp="2025-05-21T16:12:14-04:00">
		<properties>
			<property name="go.version" value="go1.24.1 linux/amd64"></property>
		</properties>
		<testcase classname="pkg.world.dev/world-cli/common/config" name="TestCanSetNamespaceWithFilename" time="0.000000"></testcase>
		<testcase classname="pkg.world.dev/world-cli/common/config" name="TestCanSetNamespaceWithEnvVariable" time="0.000000"></testcase>
		<testcase classname="pkg.world.dev/world-cli/common/config" name="TestConfigPreference" time="0.000000"></testcase>
		<testcase classname="pkg.world.dev/world-cli/common/config" name="TestConfigFromLocalFile" time="0.000000"></testcase>
		<testcase classname="pkg.world.dev/world-cli/common/config" name="TestLoadConfigLooksInParentDirectories" time="0.000000"></testcase>
		<testcase classname="pkg.world.dev/world-cli/common/config" name="TestTextDecoding" time="0.000000"></testcase>
		<testcase classname="pkg.world.dev/world-cli/common/config" name="TestCanSetArbitraryEnvVariables" time="0.000000"></testcase>
		<testcase classname="pkg.world.dev/world-cli/common/config" name="TestCanOverrideRootDir" time="0.000000"></testcase>
		<testcase classname="pkg.world.dev/world-cli/common/config" name="TestErrorWhenNoConfigFileExists" time="0.000000"></testcase>
		<testcase classname="pkg.world.dev/world-cli/common/config" name="TestNumbersAreValidDockerEnvVariable" time="0.000000"></testcase>
		<testcase classname="pkg.world.dev/world-cli/common/config" name="TestErrorOnInvalidToml" time="0.000000"></testcase>
		<testcase classname="pkg.world.dev/world-cli/common/config" name="TestDuplicateEnvironmentVariableProducesError" time="0.000000"></testcase>
		<testcase classname="pkg.world.dev/world-cli/common/config" name="TestCanParseExampleConfig" time="0.000000"></testcase>
	</testsuite>
	<testsuite tests="0" failures="0" time="0.003000" name="pkg.world.dev/world-cli/common/dependency" timestamp="2025-05-21T16:12:14-04:00">
		<properties>
			<property name="go.version" value="go1.24.1 linux/amd64"></property>
		</properties>
	</testsuite>
	<testsuite tests="6" failures="0" time="19.497000" name="pkg.world.dev/world-cli/common/docker" timestamp="2025-05-21T16:12:14-04:00">
		<properties>
			<property name="go.version" value="go1.24.1 linux/amd64"></property>
		</properties>
		<testcase classname="pkg.world.dev/world-cli/common/docker" name="TestStart" time="5.620000"></testcase>
		<testcase classname="pkg.world.dev/world-cli/common/docker" name="TestStop" time="2.490000"></testcase>
		<testcase classname="pkg.world.dev/world-cli/common/docker" name="TestRestart" time="3.620000"></testcase>
		<testcase classname="pkg.world.dev/world-cli/common/docker" name="TestPurge" time="1.070000"></testcase>
		<testcase classname="pkg.world.dev/world-cli/common/docker" name="TestStartUndetach" time="2.070000"></testcase>
		<testcase classname="pkg.world.dev/world-cli/common/docker" name="TestBuild" time="4.550000"></testcase>
	</testsuite>
	<testsuite tests="0" failures="0" time="0.010000" name="pkg.world.dev/world-cli/common/docker/service" timestamp="2025-05-21T16:12:14-04:00">
		<properties>
			<property name="go.version" value="go1.24.1 linux/amd64"></property>
		</properties>
	</testsuite>
	<testsuite tests="16" failures="0" time="0.638000" name="pkg.world.dev/world-cli/common/editor" timestamp="2025-05-21T16:12:14-04:00">
		<properties>
			<property name="go.version" value="go1.24.1 linux/amd64"></property>
		</properties>
		<testcase classname="pkg.world.dev/world-cli/common/editor" name="TestSetupCardinalEditor/setup_cardinal_editor" time="0.620000"></testcase>
		<testcase classname="pkg.world.dev/world-cli/common/editor" name="TestSetupCardinalEditor" time="0.620000"></testcase>
		<testcase classname="pkg.world.dev/world-cli/common/editor" name="TestCopyDir/Test_copy_directory" time="0.000000"></testcase>
		<testcase classname="pkg.world.dev/world-cli/common/editor" name="TestCopyDir" time="0.000000"></testcase>
		<testcase classname="pkg.world.dev/world-cli/common/editor" name="TestStrippedGUID/Test_guid_doesn&#39;t_contain_-" time="0.000000"></testcase>
		<testcase classname="pkg.world.dev/world-cli/common/editor" name="TestStrippedGUID" time="0.000000"></testcase>
		<testcase classname="pkg.world.dev/world-cli/common/editor" name="TestAddFileVersion" time="0.000000"></testcase>
		<testcase classname="pkg.world.dev/world-cli/common/editor" name="TestGetModuleVersion/Module_exists" time="0.000000"></testcase>
		<testcase classname="pkg.world.dev/world-cli/common/editor" name="TestGetModuleVersion/Module_does_not_exist" time="0.000000"></testcase>
		<testcase classname="pkg.world.dev/world-cli/common/editor" name="TestGetModuleVersion/go.mod_file_does_not_exist" time="0.000000"></testcase>
		<testcase classname="pkg.world.dev/world-cli/common/editor" name="TestGetModuleVersion" time="0.000000"></testcase>
		<testcase classname="pkg.world.dev/world-cli/common/editor" name="TestFileExists" time="0.000000"></testcase>
		<testcase classname="pkg.world.dev/world-cli/common/editor" name="TestGetVersionMap/successful_response_with_specific_version_map" time="0.010000"></testcase>
		<testcase classname="pkg.world.dev/world-cli/common/editor" name="TestGetVersionMap/HTTP_error" time="0.000000"></testcase>
		<testcase classname="pkg.world.dev/world-cli/common/editor" name="TestGetVersionMap/invalid_JSON" time="0.000000"></testcase>
		<testcase classname="pkg.world.dev/world-cli/common/editor" name="TestGetVersionMap" time="0.010000"></testcase>
	</testsuite>
	<testsuite tests="0" failures="0" time="0.008000" name="pkg.world.dev/world-cli/common/logger" timestamp="2025-05-21T16:12:14-04:00">
		<properties>
			<property name="go.version" value="go1.24.1 linux/amd64"></property>
		</properties>
	</testsuite>
	<testsuite tests="1" failures="0" time="0.007000" name="pkg.world.dev/world-cli/common/login" timestamp="2025-05-21T16:12:14-04:00">
		<properties>
			<property name="go.version" value="go1.24.1 linux/amd64"></property>
		</properties>
		<testcase classname="pkg.world.dev/world-cli/common/login" name="TestDecryptAccessToken" time="0.000000"></testcase>
	</testsuite>
	<testsuite tests="0" failures="0" time="0.008000" name="pkg.world.dev/world-cli/common/printer" timestamp="2025-05-21T16:12:14-04:00">
		<properties>
			<property name="go.version" value="go1.24.1 linux/amd64"></property>
		</properties>
	</testsuite>
	<testsuite tests="11" failures="0" time="0.594000" name="pkg.world.dev/world-cli/common/teacmd" timestamp="2025-05-21T16:12:14-04:00">
		<properties>
			<property name="go.version" value="go1.24.1 linux/amd64"></property>
		</properties>
		<testcase classname="pkg.world.dev/world-cli/common/teacmd" name="TestGitCloneCmd/error_clone_wrong_address" time="0.010000"></testcase>
		<testcase classname="pkg.world.dev/world-cli/common/teacmd" name="TestGitCloneCmd/success" time="0.580000"></testcase>
		<testcase classname="pkg.world.dev/world-cli/common/teacmd" name="TestGitCloneCmd" time="0.590000"></testcase>
		<testcase classname="pkg.world.dev/world-cli/common/teacmd" name="TestAppendToToml/append_first_section_and_fields" time="0.000000"></testcase>
		<testcase classname="pkg.world.dev/world-cli/common/teacmd" name="TestAppendToToml/append_fields_to_existing_section" time="0.000000"></testcase>
		<testcase classname="pkg.world.dev/world-cli/common/teacmd" name="TestAppendToToml/create_new_section_and_append_fields" time="0.000000"></testcase>
		<testcase classname="pkg.world.dev/world-cli/common/teacmd" name="TestAppendToToml" time="0.000000"></testcase>
		<testcase classname="pkg.world.dev/world-cli/common/teacmd" name="TestGenerateRandomHexString/length_0" time="0.000000"></testcase>
		<testcase classname="pkg.world.dev/world-cli/common/teacmd" name="TestGenerateRandomHexString/length_8" time="0.000000"></testcase>
		<testcase classname="pkg.world.dev/world-cli/common/teacmd" name="TestGenerateRandomHexString/length_16" time="0.000000"></testcase>
		<testcase classname="pkg.world.dev/world-cli/common/teacmd" name="TestGenerateRandomHexString" time="0.000000"></testcase>
	</testsuite>
	<testsuite tests="6" failures="0" time="0.014000" name="pkg.world.dev/world-cli/common/tomlutil" timestamp="2025-05-21T16:12:14-04:00">
		<properties>
			<property name="go.version" value="go1.24.1 linux/amd64"></property>
		</properties>
		<testcase classname="pkg.world.dev/world-cli/common/tomlutil" name="TestTOMLSuite/TestCreateTOMLFile" time="0.000000"></testcase>
		<testcase classname="pkg.world.dev/world-cli/common/tomlutil" name="TestTOMLSuite/TestGetTOMLSection" time="0.000000"></testcase>
		<testcase classname="pkg.world.dev/world-cli/common/tomlutil" name="TestTOMLSuite/TestReadTOML" time="0.000000"></testcase>
		<testcase classname="pkg.world.dev/world-cli/common/tomlutil" name="TestTOMLSuite/TestUpdateTOMLSection" time="0.000000"></testcase>
		<testcase classname="pkg.world.dev/world-cli/common/tomlutil" name="TestTOMLSuite/TestWriteTOML" time="0.000000"></testcase>
		<testcase classname="pkg.world.dev/world-cli/common/tomlutil" name="TestTOMLSuite" time="0.010000"></testcase>
	</testsuite>
	<testsuite tests="0" failures="0" time="0.008000" name="pkg.world.dev/world-cli/gen/logs/v1" timestamp="2025-05-21T16:12:14-04:00">
		<properties>
			<property name="go.version" value="go1.24.1 linux/amd64"></property>
		</properties>
	</testsuite>
	<testsuite tests="0" failures="0" time="0.010000" name="pkg.world.dev/world-cli/gen/logs/v1/logsv1connect" timestamp="2025-05-21T16:12:14-04:00">
		<properties>
			<property name="go.version" value="go1.24.1 linux/amd64"></property>
		</properties>
	</testsuite>
	<testsuite tests="0" failures="0" time="0.010000" name="pkg.world.dev/world-cli/tea/component" timestamp="2025-05-21T16:12:14-04:00">
		<properties>
			<property name="go.version" value="go1.24.1 linux/amd64"></property>
		</properties>
	</testsuite>
	<testsuite tests="0" failures="0" time="0.009000" name="pkg.world.dev/world-cli/tea/component/multiselect" timestamp="2025-05-21T16:12:14-04:00">
		<properties>
			<property name="go.version" value="go1.24.1 linux/amd64"></property>
		</properties>
	</testsuite>
	<testsuite tests="0" failures="0" time="0.012000" name="pkg.world.dev/world-cli/tea/component/multispinner" timestamp="2025-05-21T16:12:14-04:00">
		<properties>
			<property name="go.version" value="go1.24.1 linux/amd64"></property>
		</properties>
	</testsuite>
	<testsuite tests="0" failures="0" time="0.004000" name="pkg.world.dev/world-cli/tea/component/program" timestamp="2025-05-21T16:12:14-04:00">
		<properties>
			<property name="go.version" value="go1.24.1 linux/amd64"></property>
		</properties>
	</testsuite>
	<testsuite tests="0" failures="0" time="0.004000" name="pkg.world.dev/world-cli/tea/component/spinner" timestamp="2025-05-21T16:12:14-04:00">
		<properties>
			<property name="go.version" value="go1.24.1 linux/amd64"></property>
		</properties>
	</testsuite>
	<testsuite tests="0" failures="0" time="0.004000" name="pkg.world.dev/world-cli/tea/component/steps" timestamp="2025-05-21T16:12:14-04:00">
		<properties>
			<property name="go.version" value="go1.24.1 linux/amd64"></property>
		</properties>
	</testsuite>
	<testsuite tests="0" failures="0" time="0.004000" name="pkg.world.dev/world-cli/tea/style" timestamp="2025-05-21T16:12:14-04:00">
		<properties>
			<property name="go.version" value="go1.24.1 linux/amd64"></property>
		</properties>
	</testsuite>
	<testsuite tests="0" failures="0" time="0.004000" name="pkg.world.dev/world-cli/telemetry" timestamp="2025-05-21T16:12:14-04:00">
		<properties>
			<property name="go.version" value="go1.24.1 linux/amd64"></property>
		</properties>
	</testsuite>
</testsuites>